<?xml version="1.0" encoding="UTF-8"?>
<!-- Generated by org.testng.reporters.JUnitXMLReporter -->
<testsuite ignored="0" hostname="LAPTOP-EHA2AUGL" failures="0" tests="4" name="TestNGBasic1" time="2.323" errors="0" timestamp="2023-01-27T12:12:26 MST">
  <testcase classname="com.seleniumgrid.SeleniumWithTestNg" name="startBrowser" time="2.27"/>
  <testcase classname="com.seleniumgrid.SeleniumWithTestNg" name="verifyURL" time="0.01"/>
  <testcase classname="com.seleniumgrid.SeleniumWithTestNg" name="verifyTitle" time="0.007"/>
  <testcase classname="com.seleniumgrid.SeleniumWithTestNg" name="footerCount" time="0.0"/>
</testsuite> <!-- TestNGBasic1 -->
