<?xml version="1.0" encoding="UTF-8"?>
<!-- Generated by org.testng.reporters.JUnitXMLReporter -->
<testsuite ignored="5" hostname="LAPTOP-EHA2AUGL" failures="0" tests="3" name="Smoke Test(failed)" time="0.04" errors="0" timestamp="2023-01-23T09:20:21 MST">
  <testcase classname="com.seleniumgrid.AssertDemo" name="test4" time="0.007"/>
  <testcase classname="com.seleniumgrid.AssertDemo" name="test7" time="0.001"/>
  <testcase classname="com.seleniumgrid.AssertDemo" name="test2" time="0.0"/>
  <testcase classname="com.seleniumgrid.AssertDemo" name="test6" time="0.0">
    <ignored/>
  </testcase> <!-- test6 -->
  <testcase classname="com.seleniumgrid.AssertDemo" name="test5" time="0.0">
    <ignored/>
  </testcase> <!-- test5 -->
  <testcase classname="com.seleniumgrid.AssertDemo" name="test3" time="0.0">
    <ignored/>
  </testcase> <!-- test3 -->
  <testcase classname="com.seleniumgrid.AssertDemo" name="test1" time="0.0">
    <ignored/>
  </testcase> <!-- test1 -->
  <testcase classname="com.seleniumgrid.AssertDemo" name="test8" time="0.0">
    <ignored/>
  </testcase> <!-- test8 -->
</testsuite> <!-- Smoke Test(failed) -->
