<?xml version="1.0" encoding="UTF-8"?>
<testng-results ignored="0" total="1" passed="1" failed="0" skipped="0">
  <reporter-output>
  </reporter-output>
  <suite started-at="2023-02-14T09:19:54 MST" name="Default suite" finished-at="2023-02-14T09:19:54 MST" duration-ms="516">
    <groups>
    </groups>
    <test started-at="2023-02-14T09:19:54 MST" name="Default test" finished-at="2023-02-14T09:19:54 MST" duration-ms="516">
      <class name="com.extentreports.ExtentReportsDemo">
        <test-method signature="generateReport()[pri:0, instance:com.extentreports.ExtentReportsDemo@614ca7df]" started-at="2023-02-14T09:19:54 MST" name="generateReport" finished-at="2023-02-14T09:19:54 MST" duration-ms="486" status="PASS">
          <reporter-output>
          </reporter-output>
        </test-method> <!-- generateReport -->
      </class> <!-- com.extentreports.ExtentReportsDemo -->
    </test> <!-- Default test -->
  </suite> <!-- Default suite -->
</testng-results>
